{"level":"info","time":1761692223,"message":"log configured"}
{"level":"debug","request":"/","method":"GET","URI":"/","IP":"[::1]:52932","time":1761692454,"message":"request received"}
{"level":"debug","request":"/candra","method":"GET","URI":"/candra","IP":"[::1]:52932","time":1761692461,"message":"request received"}
{"level":"debug","request":"/?name=Candra","method":"GET","URI":"/?name=Candra","IP":"[::1]:53087","time":1761692557,"message":"request received"}
{"level":"warn","time":1761692590,"message":"system call:interrupt"}
{"level":"info","time":1761692591,"message":"log configured"}
{"level":"debug","uri":"/","method":"GET","IP":"[::1]:53143","time":1761692633,"message":"request received"}
{"level":"debug","uri":"/kk","method":"GET","IP":"[::1]:53143","time":1761692635,"message":"request received"}
{"level":"warn","time":1761692788,"message":"system call:interrupt"}
{"level":"info","time":1761692789,"message":"log configured"}
{"level":"debug","uri":"/kk","method":"GET","IP":"[::1]:53552","time":1761692794,"message":"request received"}
{"level":"warn","time":1761692872,"message":"system call:interrupt"}
{"level":"error","error":"name is empty","name":"","time":1761692998,"message":"greeting failed"}
{"level":"info","time":1761693579,"message":"log configured"}
{"level":"debug","uri":"/?name=","method":"GET","IP":"[::1]:54807","time":1761693595,"message":"request received"}
{"level":"info","name":"","time":1761693595,"message":"greeting"}
{"level":"info","time":1761693595,"message":"funcA"}
{"level":"info","time":1761693595,"message":"funcB"}
{"level":"error","error":"name is empty","name":"","time":1761693595,"message":"greeting failed"}
{"level":"warn","time":1761693751,"message":"system call:interrupt"}
{"level":"info","time":1761693753,"message":"log configured"}
{"level":"debug","uri":"/?name=","method":"GET","IP":"[::1]:55058","time":1761693769,"message":"request received"}
{"level":"info","name":"","time":1761693769,"message":"greeting"}
{"level":"info","time":1761693769,"message":"funcA"}
{"level":"info","time":1761693769,"message":"funcB"}
{"level":"error","error":"name is empty","name":"","time":1761693769,"message":"greeting failed"}
{"level":"debug","uri":"/?name=tess","method":"GET","IP":"[::1]:55058","time":1761693785,"message":"request received"}
{"level":"info","name":"tess","time":1761693785,"message":"greeting"}
{"level":"info","time":1761693785,"message":"funcA"}
{"level":"info","time":1761693785,"message":"funcB"}
{"level":"debug","uri":"/?name=tessss","method":"GET","IP":"[::1]:55058","time":1761693789,"message":"request received"}
{"level":"info","name":"tessss","time":1761693789,"message":"greeting"}
{"level":"info","time":1761693789,"message":"funcA"}
{"level":"info","time":1761693789,"message":"funcB"}
{"level":"warn","time":1761693835,"message":"system call:interrupt"}
{"level":"info","time":1761693897,"message":"log configured"}
{"level":"debug","uri":"/?name=tessss","method":"GET","IP":"[::1]:55197","time":1761693900,"message":"request received"}
{"level":"info","name":"tessss","time":1761693900,"message":"greeting"}
{"level":"info","time":1761693900,"message":"funcA"}
{"level":"info","time":1761693900,"message":"funcB"}
{"level":"warn","time":1761693942,"message":"system call:interrupt"}
{"level":"info","time":1761693944,"message":"log configured"}
{"level":"debug","request_id":"94e82047-f4cd-41ad-a6e1-f646d9cb283d","uri":"/?name=tessss","method":"GET","IP":"[::1]:55243","time":1761693948,"message":"request received"}
{"level":"info","name":"tessss","time":1761693948,"message":"greeting"}
{"level":"info","time":1761693948,"message":"funcA"}
{"level":"info","time":1761693948,"message":"funcB"}
{"level":"warn","time":1761694248,"message":"system call:interrupt"}
{"level":"info","time":1761694249,"message":"log configured"}
{"level":"debug","request_id":"c3b32a25-5339-4425-b411-c03c4c9f7d51","uri":"/?name=tessss","method":"GET","IP":"[::1]:55585","time":1761694252,"message":"request received"}
{"level":"info","name":"tessss","time":1761694252,"message":"greeting"}
{"level":"info","time":1761694252,"message":"funcA"}
{"level":"info","time":1761694252,"message":"funcB"}
{"level":"warn","time":1761694408,"message":"system call:interrupt"}
{"level":"info","time":1761694410,"message":"log configured"}
{"level":"debug","uri":"/?name=tessss","method":"GET","IP":"[::1]:55798","time":1761694413,"message":"request received"}
{"level":"info","name":"tessss","time":1761694413,"message":"greeting"}
{"level":"info","time":1761694413,"message":"funcA"}
{"level":"info","time":1761694413,"message":"funcB"}
{"level":"warn","time":1761694419,"message":"system call:interrupt"}
{"level":"info","time":1761694470,"message":"log configured"}
{"level":"debug","uri":"/?name=tessss","method":"GET","IP":"[::1]:55872","time":1761694475,"message":"request received"}
{"level":"info","request_id":"fd08ad23-2aad-4858-8388-5843f282de19","time":1761694475,"message":"request received"}
{"level":"info","name":"tessss","time":1761694475,"message":"greeting"}
{"level":"info","time":1761694475,"message":"funcA"}
{"level":"info","time":1761694475,"message":"funcB"}
{"level":"warn","time":1761694522,"message":"system call:interrupt"}
{"level":"info","time":1761694523,"message":"log configured"}
{"level":"debug","request_id":"67ce0e56-f30b-46dd-9e7c-d3fe69395805","uri":"/?name=tessss","method":"GET","IP":"[::1]:55899","time":1761694526,"message":"request received"}
{"level":"info","name":"tessss","time":1761694526,"message":"greeting"}
{"level":"info","time":1761694526,"message":"funcA"}
{"level":"info","time":1761694526,"message":"funcB"}
{"level":"warn","time":1761694548,"message":"system call:interrupt"}
{"level":"info","time":1761694549,"message":"log configured"}
{"level":"debug","request_id":"ddba4f43-f89f-4b71-80fa-b29b8f7894dd","uri":"/?name=tessss","method":"GET","IP":"[::1]:56005","time":1761694552,"message":"request received"}
{"level":"info","request_id":"ddba4f43-f89f-4b71-80fa-b29b8f7894dd","name":"tessss","time":1761694552,"message":"greeting"}
{"level":"info","time":1761694552,"message":"funcA"}
{"level":"info","time":1761694552,"message":"funcB"}
{"level":"warn","time":1761694603,"message":"system call:interrupt"}
{"level":"info","time":1761694605,"message":"log configured"}
{"level":"debug","request_id":"170103f7-552c-4aac-9129-1def51bb0ff7","uri":"/?name=tessss","method":"GET","IP":"[::1]:56115","time":1761694608,"message":"request received"}
{"level":"info","request_id":"170103f7-552c-4aac-9129-1def51bb0ff7","name":"tessss","time":1761694608,"message":"greeting"}
{"level":"info","request_id":"170103f7-552c-4aac-9129-1def51bb0ff7","time":1761694608,"message":"funcA"}
{"level":"info","request_id":"170103f7-552c-4aac-9129-1def51bb0ff7","time":1761694608,"message":"funcB"}
{"level":"warn","time":1761694640,"message":"system call:interrupt"}
{"level":"error","request_id":"71535cfc-1af6-4760-a287-bbf0260dc2ee","error":"name is empty","name":"","time":1761694665,"message":"greeting failed"}
{"level":"info","time":1761694693,"message":"log configured"}
{"level":"debug","request_id":"dbd8daf1-93f8-4e61-8ea6-c38ec5bb22e9","uri":"/?name=","method":"GET","IP":"[::1]:56218","time":1761694695,"message":"request received"}
{"level":"info","request_id":"dbd8daf1-93f8-4e61-8ea6-c38ec5bb22e9","name":"","time":1761694695,"message":"greeting"}
{"level":"info","request_id":"dbd8daf1-93f8-4e61-8ea6-c38ec5bb22e9","time":1761694695,"message":"funcA"}
{"level":"info","request_id":"dbd8daf1-93f8-4e61-8ea6-c38ec5bb22e9","time":1761694695,"message":"funcB"}
{"level":"error","request_id":"dbd8daf1-93f8-4e61-8ea6-c38ec5bb22e9","error":"name is empty","name":"","time":1761694695,"message":"greeting failed"}
{"level":"warn","time":1761694706,"message":"system call:interrupt"}
